<?xml version="1.0" encoding="UTF-8"?>
<!-- Generated by org.testng.reporters.JUnitXMLReporter -->
<testsuite ignored="0" hostname="LAPTOP-SH2NFK92" failures="0" tests="11" name="Command line test" time="0.06" errors="0" timestamp="2023-08-30T15:40:47 IST">
  <testcase classname="testng.annotations.TestNGAnnotationTest1" name="test" time="0.004"/>
  <testcase classname="testng.annotations.TestNGAnnotationTest2" name="test1" time="0.0"/>
  <testcase classname="testng.annotations.TestNGAnnotationTest3" name="test1" time="0.0"/>
  <testcase classname="testng.annotations.TestNGAnnotationTest3" name="test2" time="0.0"/>
  <testcase classname="testng.annotations.TestNGAnnotationTest4" name="test1" time="0.0"/>
  <testcase classname="testng.annotations.TestNGAnnotationTest4" name="test2" time="0.001"/>
  <testcase classname="testng.annotations.TestNGAnnotationTest5" name="testCreate" time="0.001"/>
  <testcase classname="testng.annotations.TestNGAnnotationTest5" name="testDelete" time="0.0"/>
  <testcase classname="testng.annotations.TestNGAnnotationTest5" name="testEdit" time="0.001"/>
  <testcase classname="testng.annotations.TestNGAnnotationTest5" name="testLogin" time="0.0"/>
  <testcase classname="testng.annotations.TestNGAnnotationTest5" name="testLogout" time="0.0"/>
</testsuite> <!-- Command line test -->
